#
# A fatal error has been detected by the Java Runtime Environment:
#
#  EXCEPTION_ACCESS_VIOLATION (0xc0000005) at pc=0x00007ffdd861903b, pid=11104, tid=21920
#
# JRE version: OpenJDK Runtime Environment (11.0+28) (build 11+28)
# Java VM: OpenJDK 64-Bit Server VM (11+28, mixed mode, tiered, compressed oops, g1 gc, windows-amd64)
# Problematic frame:
# V  [jvm.dll+0x69903b]
#
# No core dump will be written. Minidumps are not enabled by default on client versions of Windows
#
# If you would like to submit a bug report, please visit:
#   http://bugreport.java.com/bugreport/crash.jsp
#

---------------  S U M M A R Y ------------

Command Line: -agentlib:jdwp=transport=dt_socket,suspend=y,address=localhost:62248 -Xmx28G -Djava.library.path=K:\JAVA library\gdal\2.4.1-Qgis3.4\bin -javaagent:K:\eclipse\eclipse\configuration\org.eclipse.osgi\412\0\.cp\lib\javaagent-shaded.jar -Dfile.encoding=UTF-8 testFolder.testAtCommon -Xmx28G

Host: Intel(R) Core(TM) i7-7700 CPU @ 3.60GHz, 8 cores, 31G,  Windows 10 , 64 bit Build 18362 (10.0.18362.329)
Time: Fri Feb 21 18:38:24 2020 ¢Dx¢D_?D¡PCRE?! elapsed time: 89205 seconds (1d 0h 46m 45s)

---------------  T H R E A D  ---------------

Current thread (0x0000025cc6020800):  JavaThread "main" [_thread_in_vm, id=21920, stack(0x00000074f4b00000,0x00000074f4c00000)]

Stack: [0x00000074f4b00000,0x00000074f4c00000],  sp=0x00000074f4bfa080,  free space=1000k
Native frames: (J=compiled Java code, j=interpreted, Vv=VM code, C=native code)
V  [jvm.dll+0x69903b]
V  [jvm.dll+0x396943]
V  [jvm.dll+0x532629]
V  [jvm.dll+0x39a2e6]
V  [jvm.dll+0x6cbca5]
V  [jvm.dll+0x6cb5e2]
V  [jvm.dll+0x4286f0]
C  0x0000025cce465cd6

Java frames: (J=compiled Java code, j=interpreted, Vv=VM code)
j  java.lang.StackStreamFactory$AbstractStackWalker.fetchStackFrames(JJII[Ljava/lang/Object;)I+0 java.base@11
j  java.lang.StackStreamFactory$AbstractStackWalker.fetchStackFrames(I)I+35 java.base@11
j  java.lang.StackStreamFactory$AbstractStackWalker.getNextBatch()I+61 java.base@11
j  java.lang.StackStreamFactory$AbstractStackWalker.peekFrame()Ljava/lang/Class;+32 java.base@11
j  java.lang.StackStreamFactory$AbstractStackWalker.hasNext()Z+1 java.base@11
j  java.lang.StackStreamFactory$StackFrameTraverser.tryAdvance(Ljava/util/function/Consumer;)Z+16 java.base@11
j  java.util.stream.ReferencePipeline.forEachWithCancel(Ljava/util/Spliterator;Ljava/util/stream/Sink;)Z+13 java.base@11
j  java.util.stream.AbstractPipeline.copyIntoWithCancel(Ljava/util/stream/Sink;Ljava/util/Spliterator;)Z+32 java.base@11
j  java.util.stream.AbstractPipeline.copyInto(Ljava/util/stream/Sink;Ljava/util/Spliterator;)V+49 java.base@11
j  java.util.stream.AbstractPipeline.wrapAndCopyInto(Ljava/util/stream/Sink;Ljava/util/Spliterator;)Ljava/util/stream/Sink;+13 java.base@11
j  java.util.stream.FindOps$FindOp.evaluateSequential(Ljava/util/stream/PipelineHelper;Ljava/util/Spliterator;)Ljava/lang/Object;+14 java.base@11
j  java.util.stream.AbstractPipeline.evaluate(Ljava/util/stream/TerminalOp;)Ljava/lang/Object;+88 java.base@11
j  java.util.stream.ReferencePipeline.findFirst()Ljava/util/Optional;+5 java.base@11
j  org.apache.logging.log4j.util.StackLocator.lambda$getCallerClass$6(Ljava/lang/Class;Ljava/util/stream/Stream;)Ljava/util/Optional;+23
j  org.apache.logging.log4j.util.StackLocator$$Lambda$23.apply(Ljava/lang/Object;)Ljava/lang/Object;+8
j  java.lang.StackStreamFactory$StackFrameTraverser.consumeFrames()Ljava/lang/Object;+25 java.base@11
j  java.lang.StackStreamFactory$AbstractStackWalker.doStackWalk(JIIII)Ljava/lang/Object;+78 java.base@11
v  ~StubRoutines::call_stub
j  java.lang.StackStreamFactory$AbstractStackWalker.callStackWalk(JIII[Ljava/lang/Object;)Ljava/lang/Object;+0 java.base@11
j  java.lang.StackStreamFactory$AbstractStackWalker.beginStackWalk()Ljava/lang/Object;+31 java.base@11
j  java.lang.StackStreamFactory$AbstractStackWalker.walk()Ljava/lang/Object;+8 java.base@11
j  java.lang.StackWalker.walk(Ljava/util/function/Function;)Ljava/lang/Object;+10 java.base@11
j  org.apache.logging.log4j.util.StackLocator.getCallerClass(Ljava/lang/Class;)Ljava/lang/Class;+9
j  org.apache.logging.log4j.util.StackLocatorUtil.getCallerClass(Ljava/lang/Class;)Ljava/lang/Class;+4
j  org.apache.logging.slf4j.Log4jLoggerFactory.getContext()Lorg/apache/logging/log4j/spi/LoggerContext;+21
j  org.apache.logging.log4j.spi.AbstractLoggerAdapter.getLogger(Ljava/lang/String;)Ljava/lang/Object;+1
j  org.apache.logging.slf4j.Log4jLoggerFactory.getLogger(Ljava/lang/String;)Lorg/slf4j/Logger;+2
j  org.slf4j.LoggerFactory.getLogger(Ljava/lang/String;)Lorg/slf4j/Logger;+6
j  org.slf4j.LoggerFactory.getLogger(Ljava/lang/Class;)Lorg/slf4j/Logger;+4
j  ucar.nc2.util.rc.RC.<clinit>()V+22
v  ~StubRoutines::call_stub
j  ucar.nc2.NetcdfFile.<clinit>()V+48
v  ~StubRoutines::call_stub
j  netCDF.NetcdfBasicControl.<init>(Ljava/lang/String;)V+6
j  testFolder.testAtCommon.main([Ljava/lang/String;)V+6
v  ~StubRoutines::call_stub

siginfo: EXCEPTION_ACCESS_VIOLATION (0xc0000005), reading address 0x0000000000000008


Register to memory mapping:

RIP=0x00007ffdd861903b jvm.dll
RAX=0x0000000000000010 is an unknown value
RBX=0x0000025cec3e7d78 points into unknown readable memory
RCX=0x000000011da5ab50 is an oop
java.lang.invoke.ResolvedMethodName 
{0x000000011da5ab50} - klass: 'java/lang/invoke/ResolvedMethodName'
RDX=0x0000000000000010 is an unknown value
RSP=0x00000074f4bfa080 is pointing into the stack for thread: 0x0000025cc6020800
RBP=0x000000011da5ab50 is an oop
java.lang.invoke.ResolvedMethodName 
{0x000000011da5ab50} - klass: 'java/lang/invoke/ResolvedMethodName'
RSI=0x0 is NULL
RDI=0x0000025cc5fa1560 points into unknown readable memory
R8 =0x0 is NULL
R9 ={method} {0x0000025ced97ad58} 'lambda$0' '(Ljava/util/List;Ljava/util/List;Ljava/util/List;Ljava/lang/Object;)V' in 'testFolder/testAtCommon'
R10=0x0000000000000005 is an unknown value
R11=0x0000000000000004 is an unknown value
R12=0x0000000000000006 is an unknown value
R13=0x00000008000d31e0 is pointing into metadata
R14=0x00000008000d31e0 is pointing into metadata
R15=0x0000025cc6020800 is a thread


Registers:
RAX=0x0000000000000010, RBX=0x0000025cec3e7d78, RCX=0x000000011da5ab50, RDX=0x0000000000000010
RSP=0x00000074f4bfa080, RBP=0x000000011da5ab50, RSI=0x0000000000000000, RDI=0x0000025cc5fa1560
R8 =0x0000000000000000, R9 =0x0000025ced97ad50, R10=0x0000000000000005, R11=0x0000000000000004
R12=0x0000000000000006, R13=0x00000008000d31e0, R14=0x00000008000d31e0, R15=0x0000025cc6020800
RIP=0x00007ffdd861903b, EFLAGS=0x0000000000010206

Top of Stack: (sp=0x00000074f4bfa080)
0x00000074f4bfa080:   0000d566281ddffe 00000008000d31e0
0x00000074f4bfa090:   0000025cc6020800 0000025cebcffcd8
0x00000074f4bfa0a0:   0000025cc6020800 00007ffdd8316943
0x00000074f4bfa0b0:   000000011da5ab50 0000025cebcffcd8
0x00000074f4bfa0c0:   00000074f4bfa100 00007ffdd817d16a
0x00000074f4bfa0d0:   00000000fffffffe 00007ffdd84b2629
0x00000074f4bfa0e0:   0000025cec3e7d78 0000000000000000
0x00000074f4bfa0f0:   00000074f4bfa160 0000025cebcffcd8
0x00000074f4bfa100:   0000025cebcffcd8 0000025cc6020800
0x00000074f4bfa110:   00000074f4bfa238 0000025cc6020800
0x00000074f4bfa120:   00000074f4bfb350 0000000000000006
0x00000074f4bfa130:   0000025cec3e7d68 00007ffdd831a2e6
0x00000074f4bfa140:   0000025cec3e7d70 000000011da5a890
0x00000074f4bfa150:   0000025cc6020800 0000025cc6020800
0x00000074f4bfa160:   00000008000d31e0 00000008000d31e0
0x00000074f4bfa170:   0000025cebcffcd8 0000025cc6020800 

Instructions: (pc=0x00007ffdd861903b)
0x00007ffdd861901b:   2e 48 8b 48 18 e8 3b 26 ce ff 48 8b f0 48 85 db
0x00007ffdd861902b:   74 03 48 8b 2b 48 8b d0 48 8b cd e8 45 19 d0 ff
0x00007ffdd861903b:   48 8b 46 08 4c 8b c3 48 8b d6 48 8b 48 08 48 8b
0x00007ffdd861904b:   41 18 b9 00 80 00 00 66 09 88 3a 01 00 00 48 8b 



---------------  P R O C E S S  ---------------

Threads class SMR info:
_java_thread_list=0x0000025cef73ec30, length=13, elements={
0x0000025cc6020800, 0x0000025ceb314000, 0x0000025ceb31d000, 0x0000025ceb37f000,
0x0000025ceb380000, 0x0000025ceb38a000, 0x0000025ceb394000, 0x0000025ceb39f000,
0x0000025ceb4f8800, 0x0000025cebf10000, 0x0000025cec157000, 0x0000025cee358000,
0x0000025ced39a000
}

Java Threads: ( => current thread )
=>0x0000025cc6020800 JavaThread "main" [_thread_in_vm, id=21920, stack(0x00000074f4b00000,0x00000074f4c00000)]
  0x0000025ceb314000 JavaThread "Reference Handler" daemon [_thread_blocked, id=13460, stack(0x00000074f5200000,0x00000074f5300000)]
  0x0000025ceb31d000 JavaThread "Finalizer" daemon [_thread_blocked, id=15152, stack(0x00000074f5300000,0x00000074f5400000)]
  0x0000025ceb37f000 JavaThread "Signal Dispatcher" daemon [_thread_blocked, id=15260, stack(0x00000074f5400000,0x00000074f5500000)]
  0x0000025ceb380000 JavaThread "Attach Listener" daemon [_thread_blocked, id=17044, stack(0x00000074f5500000,0x00000074f5600000)]
  0x0000025ceb38a000 JavaThread "C2 CompilerThread0" daemon [_thread_in_native, id=8672, stack(0x00000074f5600000,0x00000074f5700000)]
  0x0000025ceb394000 JavaThread "C1 CompilerThread0" daemon [_thread_blocked, id=10400, stack(0x00000074f5700000,0x00000074f5800000)]
  0x0000025ceb39f000 JavaThread "Sweeper thread" daemon [_thread_blocked, id=20764, stack(0x00000074f5800000,0x00000074f5900000)]
  0x0000025ceb4f8800 JavaThread "Common-Cleaner" daemon [_thread_blocked, id=8064, stack(0x00000074f5900000,0x00000074f5a00000)]
  0x0000025cebf10000 JavaThread "JDWP Event Helper Thread" daemon [_thread_blocked, id=1248, stack(0x00000074f5c00000,0x00000074f5d00000)]
  0x0000025cec157000 JavaThread "Service Thread" daemon [_thread_blocked, id=13336, stack(0x00000074f5e00000,0x00000074f5f00000)]
  0x0000025cee358000 JavaThread "C2 CompilerThread1" daemon [_thread_blocked, id=1272, stack(0x00000074f4800000,0x00000074f4900000)]
  0x0000025ced39a000 JavaThread "C2 CompilerThread2" daemon [_thread_blocked, id=22516, stack(0x00000074f6200000,0x00000074f6300000)]

Other Threads:
  0x0000025ceb2ee800 VMThread "VM Thread" [stack: 0x00000074f5100000,0x00000074f5200000] [id=3044]
  0x0000025cec014800 WatcherThread [stack: 0x00000074f5f00000,0x00000074f6000000] [id=7384]
  0x0000025cc6034000 GCTaskThread "GC Thread#0" [stack: 0x00000074f4c00000,0x00000074f4d00000] [id=13492]
  0x0000025cecca2800 GCTaskThread "GC Thread#1" [stack: 0x00000074f4900000,0x00000074f4a00000] [id=5672]
  0x0000025cec9aa800 GCTaskThread "GC Thread#2" [stack: 0x00000074f4a00000,0x00000074f4b00000] [id=4252]
  0x0000025cec55e800 GCTaskThread "GC Thread#3" [stack: 0x00000074f5a00000,0x00000074f5b00000] [id=7904]
  0x0000025cecdab800 GCTaskThread "GC Thread#4" [stack: 0x00000074f5b00000,0x00000074f5c00000] [id=6320]
  0x0000025cecb0d000 GCTaskThread "GC Thread#5" [stack: 0x00000074f5d00000,0x00000074f5e00000] [id=10740]
  0x0000025cecb0e000 GCTaskThread "GC Thread#6" [stack: 0x00000074f6000000,0x00000074f6100000] [id=19156]
  0x0000025cecb0e800 GCTaskThread "GC Thread#7" [stack: 0x00000074f6100000,0x00000074f6200000] [id=10300]
  0x0000025cc5fbe000 ConcurrentGCThread "G1 Main Marker" [stack: 0x00000074f4d00000,0x00000074f4e00000] [id=6384]
  0x0000025cc6165800 ConcurrentGCThread "G1 Conc#0" [stack: 0x00000074f4e00000,0x00000074f4f00000] [id=2280]
  0x0000025cc621d800 ConcurrentGCThread "G1 Refine#0" [stack: 0x00000074f4f00000,0x00000074f5000000] [id=19172]
  0x0000025cc621e800 ConcurrentGCThread "G1 Young RemSet Sampling" [stack: 0x00000074f5000000,0x00000074f5100000] [id=6668]

Threads with active compile tasks:
C2 CompilerThread01666       4       org.eclipse.jdt.launching.internal.org.objectweb.asm.ClassReader::readCode (5089 bytes)

VM state:not at safepoint (normal execution)

VM Mutex/Monitor currently owned by a thread:  ([mutex/lock_event])
[0x0000025cc5fa1560] ResolvedMethodTable_lock - owner thread: 0x0000025cc6020800

Heap address: 0x0000000100000000, size: 28672 MB, Compressed Oops mode: Zero based, Oop shift amount: 3
Narrow klass base: 0x0000000800000000, Narrow klass shift: 0
Compressed class space size: 1073741824 Address: 0x0000000800000000

Heap:
 garbage-first heap   total 524288K, used 37859K [0x0000000100000000, 0x0000000800000000)
  region size 4096K, 10 young (40960K), 1 survivors (4096K)
 Metaspace       used 17174K, capacity 17533K, committed 17792K, reserved 1064960K
  class space    used 1736K, capacity 1881K, committed 1920K, reserved 1048576K
Heap Regions: E=young(eden), S=young(survivor), O=old, HS=humongous(starts), HC=humongous(continues), CS=collection set, F=free, A=archive, TAMS=top-at-mark-start (previous, next)
|   0|0x0000000100000000, 0x00000001000f8e00, 0x0000000100400000| 24%| O|  |TAMS 0x0000000100000000, 0x0000000100000000| Untracked 
|   1|0x0000000100400000, 0x0000000100400000, 0x0000000100800000|  0%| F|  |TAMS 0x0000000100400000, 0x0000000100400000| Untracked 
|   2|0x0000000100800000, 0x0000000100800000, 0x0000000100c00000|  0%| F|  |TAMS 0x0000000100800000, 0x0000000100800000| Untracked 
|   3|0x0000000100c00000, 0x0000000100c00000, 0x0000000101000000|  0%| F|  |TAMS 0x0000000100c00000, 0x0000000100c00000| Untracked 
|   4|0x0000000101000000, 0x0000000101000000, 0x0000000101400000|  0%| F|  |TAMS 0x0000000101000000, 0x0000000101000000| Untracked 
|   5|0x0000000101400000, 0x0000000101400000, 0x0000000101800000|  0%| F|  |TAMS 0x0000000101400000, 0x0000000101400000| Untracked 
|   6|0x0000000101800000, 0x0000000101800000, 0x0000000101c00000|  0%| F|  |TAMS 0x0000000101800000, 0x0000000101800000| Untracked 
|   7|0x0000000101c00000, 0x0000000101c00000, 0x0000000102000000|  0%| F|  |TAMS 0x0000000101c00000, 0x0000000101c00000| Untracked 
|   8|0x0000000102000000, 0x0000000102000000, 0x0000000102400000|  0%| F|  |TAMS 0x0000000102000000, 0x0000000102000000| Untracked 
|   9|0x0000000102400000, 0x0000000102400000, 0x0000000102800000|  0%| F|  |TAMS 0x0000000102400000, 0x0000000102400000| Untracked 
|  10|0x0000000102800000, 0x0000000102800000, 0x0000000102c00000|  0%| F|  |TAMS 0x0000000102800000, 0x0000000102800000| Untracked 
|  11|0x0000000102c00000, 0x0000000102c00000, 0x0000000103000000|  0%| F|  |TAMS 0x0000000102c00000, 0x0000000102c00000| Untracked 
|  12|0x0000000103000000, 0x0000000103000000, 0x0000000103400000|  0%| F|  |TAMS 0x0000000103000000, 0x0000000103000000| Untracked 
|  13|0x0000000103400000, 0x0000000103400000, 0x0000000103800000|  0%| F|  |TAMS 0x0000000103400000, 0x0000000103400000| Untracked 
|  14|0x0000000103800000, 0x0000000103800000, 0x0000000103c00000|  0%| F|  |TAMS 0x0000000103800000, 0x0000000103800000| Untracked 
|  15|0x0000000103c00000, 0x0000000103c00000, 0x0000000104000000|  0%| F|  |TAMS 0x0000000103c00000, 0x0000000103c00000| Untracked 
|  16|0x0000000104000000, 0x0000000104000000, 0x0000000104400000|  0%| F|  |TAMS 0x0000000104000000, 0x0000000104000000| Untracked 
|  17|0x0000000104400000, 0x0000000104400000, 0x0000000104800000|  0%| F|  |TAMS 0x0000000104400000, 0x0000000104400000| Untracked 
|  18|0x0000000104800000, 0x0000000104800000, 0x0000000104c00000|  0%| F|  |TAMS 0x0000000104800000, 0x0000000104800000| Untracked 
|  19|0x0000000104c00000, 0x0000000104c00000, 0x0000000105000000|  0%| F|  |TAMS 0x0000000104c00000, 0x0000000104c00000| Untracked 
|  20|0x0000000105000000, 0x0000000105000000, 0x0000000105400000|  0%| F|  |TAMS 0x0000000105000000, 0x0000000105000000| Untracked 
|  21|0x0000000105400000, 0x0000000105400000, 0x0000000105800000|  0%| F|  |TAMS 0x0000000105400000, 0x0000000105400000| Untracked 
|  22|0x0000000105800000, 0x0000000105800000, 0x0000000105c00000|  0%| F|  |TAMS 0x0000000105800000, 0x0000000105800000| Untracked 
|  23|0x0000000105c00000, 0x0000000105c00000, 0x0000000106000000|  0%| F|  |TAMS 0x0000000105c00000, 0x0000000105c00000| Untracked 
|  24|0x0000000106000000, 0x0000000106000000, 0x0000000106400000|  0%| F|  |TAMS 0x0000000106000000, 0x0000000106000000| Untracked 
|  25|0x0000000106400000, 0x0000000106400000, 0x0000000106800000|  0%| F|  |TAMS 0x0000000106400000, 0x0000000106400000| Untracked 
|  26|0x0000000106800000, 0x0000000106800000, 0x0000000106c00000|  0%| F|  |TAMS 0x0000000106800000, 0x0000000106800000| Untracked 
|  27|0x0000000106c00000, 0x0000000106c00000, 0x0000000107000000|  0%| F|  |TAMS 0x0000000106c00000, 0x0000000106c00000| Untracked 
|  28|0x0000000107000000, 0x0000000107000000, 0x0000000107400000|  0%| F|  |TAMS 0x0000000107000000, 0x0000000107000000| Untracked 
|  29|0x0000000107400000, 0x0000000107400000, 0x0000000107800000|  0%| F|  |TAMS 0x0000000107400000, 0x0000000107400000| Untracked 
|  30|0x0000000107800000, 0x0000000107800000, 0x0000000107c00000|  0%| F|  |TAMS 0x0000000107800000, 0x0000000107800000| Untracked 
|  31|0x0000000107c00000, 0x0000000107c00000, 0x0000000108000000|  0%| F|  |TAMS 0x0000000107c00000, 0x0000000107c00000| Untracked 
|  32|0x0000000108000000, 0x0000000108000000, 0x0000000108400000|  0%| F|  |TAMS 0x0000000108000000, 0x0000000108000000| Untracked 
|  33|0x0000000108400000, 0x0000000108400000, 0x0000000108800000|  0%| F|  |TAMS 0x0000000108400000, 0x0000000108400000| Untracked 
|  34|0x0000000108800000, 0x0000000108800000, 0x0000000108c00000|  0%| F|  |TAMS 0x0000000108800000, 0x0000000108800000| Untracked 
|  35|0x0000000108c00000, 0x0000000108c00000, 0x0000000109000000|  0%| F|  |TAMS 0x0000000108c00000, 0x0000000108c00000| Untracked 
|  36|0x0000000109000000, 0x0000000109000000, 0x0000000109400000|  0%| F|  |TAMS 0x0000000109000000, 0x0000000109000000| Untracked 
|  37|0x0000000109400000, 0x0000000109400000, 0x0000000109800000|  0%| F|  |TAMS 0x0000000109400000, 0x0000000109400000| Untracked 
|  38|0x0000000109800000, 0x0000000109800000, 0x0000000109c00000|  0%| F|  |TAMS 0x0000000109800000, 0x0000000109800000| Untracked 
|  39|0x0000000109c00000, 0x0000000109c00000, 0x000000010a000000|  0%| F|  |TAMS 0x0000000109c00000, 0x0000000109c00000| Untracked 
|  40|0x000000010a000000, 0x000000010a000000, 0x000000010a400000|  0%| F|  |TAMS 0x000000010a000000, 0x000000010a000000| Untracked 
|  41|0x000000010a400000, 0x000000010a400000, 0x000000010a800000|  0%| F|  |TAMS 0x000000010a400000, 0x000000010a400000| Untracked 
|  42|0x000000010a800000, 0x000000010a800000, 0x000000010ac00000|  0%| F|  |TAMS 0x000000010a800000, 0x000000010a800000| Untracked 
|  43|0x000000010ac00000, 0x000000010ac00000, 0x000000010b000000|  0%| F|  |TAMS 0x000000010ac00000, 0x000000010ac00000| Untracked 
|  44|0x000000010b000000, 0x000000010b000000, 0x000000010b400000|  0%| F|  |TAMS 0x000000010b000000, 0x000000010b000000| Untracked 
|  45|0x000000010b400000, 0x000000010b400000, 0x000000010b800000|  0%| F|  |TAMS 0x000000010b400000, 0x000000010b400000| Untracked 
|  46|0x000000010b800000, 0x000000010b800000, 0x000000010bc00000|  0%| F|  |TAMS 0x000000010b800000, 0x000000010b800000| Untracked 
|  47|0x000000010bc00000, 0x000000010bc00000, 0x000000010c000000|  0%| F|  |TAMS 0x000000010bc00000, 0x000000010bc00000| Untracked 
|  48|0x000000010c000000, 0x000000010c000000, 0x000000010c400000|  0%| F|  |TAMS 0x000000010c000000, 0x000000010c000000| Untracked 
|  49|0x000000010c400000, 0x000000010c400000, 0x000000010c800000|  0%| F|  |TAMS 0x000000010c400000, 0x000000010c400000| Untracked 
|  50|0x000000010c800000, 0x000000010c800000, 0x000000010cc00000|  0%| F|  |TAMS 0x000000010c800000, 0x000000010c800000| Untracked 
|  51|0x000000010cc00000, 0x000000010cc00000, 0x000000010d000000|  0%| F|  |TAMS 0x000000010cc00000, 0x000000010cc00000| Untracked 
|  52|0x000000010d000000, 0x000000010d000000, 0x000000010d400000|  0%| F|  |TAMS 0x000000010d000000, 0x000000010d000000| Untracked 
|  53|0x000000010d400000, 0x000000010d400000, 0x000000010d800000|  0%| F|  |TAMS 0x000000010d400000, 0x000000010d400000| Untracked 
|  54|0x000000010d800000, 0x000000010d800000, 0x000000010dc00000|  0%| F|  |TAMS 0x000000010d800000, 0x000000010d800000| Untracked 
|  55|0x000000010dc00000, 0x000000010dc00000, 0x000000010e000000|  0%| F|  |TAMS 0x000000010dc00000, 0x000000010dc00000| Untracked 
|  56|0x000000010e000000, 0x000000010e000000, 0x000000010e400000|  0%| F|  |TAMS 0x000000010e000000, 0x000000010e000000| Untracked 
|  57|0x000000010e400000, 0x000000010e400000, 0x000000010e800000|  0%| F|  |TAMS 0x000000010e400000, 0x000000010e400000| Untracked 
|  58|0x000000010e800000, 0x000000010e800000, 0x000000010ec00000|  0%| F|  |TAMS 0x000000010e800000, 0x000000010e800000| Untracked 
|  59|0x000000010ec00000, 0x000000010ec00000, 0x000000010f000000|  0%| F|  |TAMS 0x000000010ec00000, 0x000000010ec00000| Untracked 
|  60|0x000000010f000000, 0x000000010f000000, 0x000000010f400000|  0%| F|  |TAMS 0x000000010f000000, 0x000000010f000000| Untracked 
|  61|0x000000010f400000, 0x000000010f400000, 0x000000010f800000|  0%| F|  |TAMS 0x000000010f400000, 0x000000010f400000| Untracked 
|  62|0x000000010f800000, 0x000000010f800000, 0x000000010fc00000|  0%| F|  |TAMS 0x000000010f800000, 0x000000010f800000| Untracked 
|  63|0x000000010fc00000, 0x000000010fc00000, 0x0000000110000000|  0%| F|  |TAMS 0x000000010fc00000, 0x000000010fc00000| Untracked 
|  64|0x0000000110000000, 0x0000000110000000, 0x0000000110400000|  0%| F|  |TAMS 0x0000000110000000, 0x0000000110000000| Untracked 
|  65|0x0000000110400000, 0x0000000110400000, 0x0000000110800000|  0%| F|  |TAMS 0x0000000110400000, 0x0000000110400000| Untracked 
|  66|0x0000000110800000, 0x0000000110800000, 0x0000000110c00000|  0%| F|  |TAMS 0x0000000110800000, 0x0000000110800000| Untracked 
|  67|0x0000000110c00000, 0x0000000110c00000, 0x0000000111000000|  0%| F|  |TAMS 0x0000000110c00000, 0x0000000110c00000| Untracked 
|  68|0x0000000111000000, 0x0000000111000000, 0x0000000111400000|  0%| F|  |TAMS 0x0000000111000000, 0x0000000111000000| Untracked 
|  69|0x0000000111400000, 0x0000000111400000, 0x0000000111800000|  0%| F|  |TAMS 0x0000000111400000, 0x0000000111400000| Untracked 
|  70|0x0000000111800000, 0x0000000111800000, 0x0000000111c00000|  0%| F|  |TAMS 0x0000000111800000, 0x0000000111800000| Untracked 
|  71|0x0000000111c00000, 0x0000000111c00000, 0x0000000112000000|  0%| F|  |TAMS 0x0000000111c00000, 0x0000000111c00000| Untracked 
|  72|0x0000000112000000, 0x0000000112000000, 0x0000000112400000|  0%| F|  |TAMS 0x0000000112000000, 0x0000000112000000| Untracked 
|  73|0x0000000112400000, 0x0000000112400000, 0x0000000112800000|  0%| F|  |TAMS 0x0000000112400000, 0x0000000112400000| Untracked 
|  74|0x0000000112800000, 0x0000000112800000, 0x0000000112c00000|  0%| F|  |TAMS 0x0000000112800000, 0x0000000112800000| Untracked 
|  75|0x0000000112c00000, 0x0000000112c00000, 0x0000000113000000|  0%| F|  |TAMS 0x0000000112c00000, 0x0000000112c00000| Untracked 
|  76|0x0000000113000000, 0x0000000113000000, 0x0000000113400000|  0%| F|  |TAMS 0x0000000113000000, 0x0000000113000000| Untracked 
|  77|0x0000000113400000, 0x0000000113400000, 0x0000000113800000|  0%| F|  |TAMS 0x0000000113400000, 0x0000000113400000| Untracked 
|  78|0x0000000113800000, 0x0000000113800000, 0x0000000113c00000|  0%| F|  |TAMS 0x0000000113800000, 0x0000000113800000| Untracked 
|  79|0x0000000113c00000, 0x0000000113c00000, 0x0000000114000000|  0%| F|  |TAMS 0x0000000113c00000, 0x0000000113c00000| Untracked 
|  80|0x0000000114000000, 0x0000000114000000, 0x0000000114400000|  0%| F|  |TAMS 0x0000000114000000, 0x0000000114000000| Untracked 
|  81|0x0000000114400000, 0x0000000114400000, 0x0000000114800000|  0%| F|  |TAMS 0x0000000114400000, 0x0000000114400000| Untracked 
|  82|0x0000000114800000, 0x0000000114800000, 0x0000000114c00000|  0%| F|  |TAMS 0x0000000114800000, 0x0000000114800000| Untracked 
|  83|0x0000000114c00000, 0x0000000114c00000, 0x0000000115000000|  0%| F|  |TAMS 0x0000000114c00000, 0x0000000114c00000| Untracked 
|  84|0x0000000115000000, 0x0000000115000000, 0x0000000115400000|  0%| F|  |TAMS 0x0000000115000000, 0x0000000115000000| Untracked 
|  85|0x0000000115400000, 0x0000000115400000, 0x0000000115800000|  0%| F|  |TAMS 0x0000000115400000, 0x0000000115400000| Untracked 
|  86|0x0000000115800000, 0x0000000115800000, 0x0000000115c00000|  0%| F|  |TAMS 0x0000000115800000, 0x0000000115800000| Untracked 
|  87|0x0000000115c00000, 0x0000000115c00000, 0x0000000116000000|  0%| F|  |TAMS 0x0000000115c00000, 0x0000000115c00000| Untracked 
|  88|0x0000000116000000, 0x0000000116000000, 0x0000000116400000|  0%| F|  |TAMS 0x0000000116000000, 0x0000000116000000| Untracked 
|  89|0x0000000116400000, 0x0000000116400000, 0x0000000116800000|  0%| F|  |TAMS 0x0000000116400000, 0x0000000116400000| Untracked 
|  90|0x0000000116800000, 0x0000000116800000, 0x0000000116c00000|  0%| F|  |TAMS 0x0000000116800000, 0x0000000116800000| Untracked 
|  91|0x0000000116c00000, 0x0000000116c00000, 0x0000000117000000|  0%| F|  |TAMS 0x0000000116c00000, 0x0000000116c00000| Untracked 
|  92|0x0000000117000000, 0x0000000117000000, 0x0000000117400000|  0%| F|  |TAMS 0x0000000117000000, 0x0000000117000000| Untracked 
|  93|0x0000000117400000, 0x0000000117400000, 0x0000000117800000|  0%| F|  |TAMS 0x0000000117400000, 0x0000000117400000| Untracked 
|  94|0x0000000117800000, 0x0000000117800000, 0x0000000117c00000|  0%| F|  |TAMS 0x0000000117800000, 0x0000000117800000| Untracked 
|  95|0x0000000117c00000, 0x0000000117c00000, 0x0000000118000000|  0%| F|  |TAMS 0x0000000117c00000, 0x0000000117c00000| Untracked 
|  96|0x0000000118000000, 0x0000000118000000, 0x0000000118400000|  0%| F|  |TAMS 0x0000000118000000, 0x0000000118000000| Untracked 
|  97|0x0000000118400000, 0x0000000118400000, 0x0000000118800000|  0%| F|  |TAMS 0x0000000118400000, 0x0000000118400000| Untracked 
|  98|0x0000000118800000, 0x0000000118800000, 0x0000000118c00000|  0%| F|  |TAMS 0x0000000118800000, 0x0000000118800000| Untracked 
|  99|0x0000000118c00000, 0x0000000118c00000, 0x0000000119000000|  0%| F|  |TAMS 0x0000000118c00000, 0x0000000118c00000| Untracked 
| 100|0x0000000119000000, 0x0000000119000000, 0x0000000119400000|  0%| F|  |TAMS 0x0000000119000000, 0x0000000119000000| Untracked 
| 101|0x0000000119400000, 0x0000000119400000, 0x0000000119800000|  0%| F|  |TAMS 0x0000000119400000, 0x0000000119400000| Untracked 
| 102|0x0000000119800000, 0x0000000119800000, 0x0000000119c00000|  0%| F|  |TAMS 0x0000000119800000, 0x0000000119800000| Untracked 
| 103|0x0000000119c00000, 0x0000000119c00000, 0x000000011a000000|  0%| F|  |TAMS 0x0000000119c00000, 0x0000000119c00000| Untracked 
| 104|0x000000011a000000, 0x000000011a000000, 0x000000011a400000|  0%| F|  |TAMS 0x000000011a000000, 0x000000011a000000| Untracked 
| 105|0x000000011a400000, 0x000000011a400000, 0x000000011a800000|  0%| F|  |TAMS 0x000000011a400000, 0x000000011a400000| Untracked 
| 106|0x000000011a800000, 0x000000011a800000, 0x000000011ac00000|  0%| F|  |TAMS 0x000000011a800000, 0x000000011a800000| Untracked 
| 107|0x000000011ac00000, 0x000000011ac00000, 0x000000011b000000|  0%| F|  |TAMS 0x000000011ac00000, 0x000000011ac00000| Untracked 
| 108|0x000000011b000000, 0x000000011b000000, 0x000000011b400000|  0%| F|  |TAMS 0x000000011b000000, 0x000000011b000000| Untracked 
| 109|0x000000011b400000, 0x000000011b400000, 0x000000011b800000|  0%| F|  |TAMS 0x000000011b400000, 0x000000011b400000| Untracked 
| 110|0x000000011b800000, 0x000000011b800000, 0x000000011bc00000|  0%| F|  |TAMS 0x000000011b800000, 0x000000011b800000| Untracked 
| 111|0x000000011bc00000, 0x000000011bc00000, 0x000000011c000000|  0%| F|  |TAMS 0x000000011bc00000, 0x000000011bc00000| Untracked 
| 112|0x000000011c000000, 0x000000011c000000, 0x000000011c400000|  0%| F|  |TAMS 0x000000011c000000, 0x000000011c000000| Untracked 
| 113|0x000000011c400000, 0x000000011c400000, 0x000000011c800000|  0%| F|  |TAMS 0x000000011c400000, 0x000000011c400000| Untracked 
| 114|0x000000011c800000, 0x000000011c800000, 0x000000011cc00000|  0%| F|  |TAMS 0x000000011c800000, 0x000000011c800000| Untracked 
| 115|0x000000011cc00000, 0x000000011cc00000, 0x000000011d000000|  0%| F|  |TAMS 0x000000011cc00000, 0x000000011cc00000| Untracked 
| 116|0x000000011d000000, 0x000000011d000000, 0x000000011d400000|  0%| F|  |TAMS 0x000000011d000000, 0x000000011d000000| Untracked 
| 117|0x000000011d400000, 0x000000011d400000, 0x000000011d800000|  0%| F|  |TAMS 0x000000011d400000, 0x000000011d400000| Untracked 
| 118|0x000000011d800000, 0x000000011dc00000, 0x000000011dc00000|100%| E|  |TAMS 0x000000011d800000, 0x000000011d800000| Complete 
| 119|0x000000011dc00000, 0x000000011e000000, 0x000000011e000000|100%| E|CS|TAMS 0x000000011dc00000, 0x000000011dc00000| Complete 
| 120|0x000000011e000000, 0x000000011e400000, 0x000000011e400000|100%| E|CS|TAMS 0x000000011e000000, 0x000000011e000000| Complete 
| 121|0x000000011e400000, 0x000000011e800000, 0x000000011e800000|100%| S|CS|TAMS 0x000000011e400000, 0x000000011e400000| Complete 
| 122|0x000000011e800000, 0x000000011ec00000, 0x000000011ec00000|100%| E|CS|TAMS 0x000000011e800000, 0x000000011e800000| Complete 
| 123|0x000000011ec00000, 0x000000011f000000, 0x000000011f000000|100%| E|CS|TAMS 0x000000011ec00000, 0x000000011ec00000| Complete 
| 124|0x000000011f000000, 0x000000011f400000, 0x000000011f400000|100%| E|CS|TAMS 0x000000011f000000, 0x000000011f000000| Complete 
| 125|0x000000011f400000, 0x000000011f800000, 0x000000011f800000|100%| E|CS|TAMS 0x000000011f400000, 0x000000011f400000| Complete 
| 126|0x000000011f800000, 0x000000011fc00000, 0x000000011fc00000|100%| E|CS|TAMS 0x000000011f800000, 0x000000011f800000| Complete 
| 127|0x000000011fc00000, 0x0000000120000000, 0x0000000120000000|100%| E|CS|TAMS 0x000000011fc00000, 0x000000011fc00000| Complete 

Card table byte_map: [0x0000025ce16b0000,0x0000025ce4eb0000] _byte_map_base: 0x0000025ce0eb0000

Marking Bits (Prev, Next): (CMBitMap*) 0x0000025cc6148b98, (CMBitMap*) 0x0000025cc6148bd0
 Prev Bits: [0x0000025c80000000, 0x0000025c9c000000)
 Next Bits: [0x0000025c9c000000, 0x0000025cb8000000)

Polling page: 0x0000025cc5fc0000

Metaspace:

Usage:
  Non-class:     15.29 MB capacity,    15.08 MB ( 99%) used,   182.98 KB (  1%) free+waste,    30.81 KB ( <1%) overhead. 
      Class:      1.84 MB capacity,     1.70 MB ( 92%) used,   131.29 KB (  7%) free+waste,    13.44 KB ( <1%) overhead. 
       Both:     17.12 MB capacity,    16.77 MB ( 98%) used,   314.27 KB (  2%) free+waste,    44.25 KB ( <1%) overhead. 

Virtual space:
  Non-class space:       16.00 MB reserved,      15.50 MB ( 97%) committed 
      Class space:        1.00 GB reserved,       1.88 MB ( <1%) committed 
             Both:        1.02 GB reserved,      17.38 MB (  2%) committed 

Chunk freelists:
   Non-Class:  3.50 KB
       Class:  896 bytes
        Both:  4.38 KB

CodeHeap 'non-profiled nmethods': size=120000Kb used=988Kb max_used=988Kb free=119011Kb
 bounds [0x0000025cd5f20000, 0x0000025cd6190000, 0x0000025cdd450000]
CodeHeap 'profiled nmethods': size=120000Kb used=3682Kb max_used=3682Kb free=116317Kb
 bounds [0x0000025cce9f0000, 0x0000025cced90000, 0x0000025cd5f20000]
CodeHeap 'non-nmethods': size=5760Kb used=1215Kb max_used=1274Kb free=4544Kb
 bounds [0x0000025cce450000, 0x0000025cce6c0000, 0x0000025cce9f0000]
 total_blobs=2506 nmethods=1670 adapters=360
 compilation: enabled
              stopped_count=0, restarted_count=0
 full_count=0

Compilation events (10 events):
Event: 89205.159 Thread 0x0000025ceb394000 1668       3       org.eclipse.jdt.launching.internal.org.objectweb.asm.ClassVisitor::visitEnd (15 bytes)
Event: 89205.159 Thread 0x0000025ceb394000 nmethod 1668 0x0000025cced87e90 code [0x0000025cced88060, 0x0000025cced882d0]
Event: 89205.159 Thread 0x0000025ceb394000 1669       3       org.eclipse.jdt.launching.internal.org.objectweb.asm.ClassWriter::visitEnd (1 bytes)
Event: 89205.159 Thread 0x0000025ceb394000 nmethod 1669 0x0000025cced88390 code [0x0000025cced88540, 0x0000025cced88698]
Event: 89205.160 Thread 0x0000025cee358000 nmethod 1661 0x0000025cd6014e10 code [0x0000025cd6015020, 0x0000025cd6015900]
Event: 89205.162 Thread 0x0000025ceb394000 1670       3       jdk.internal.loader.URLClassPath$JarLoader$1::<init> (10 bytes)
Event: 89205.163 Thread 0x0000025ceb394000 nmethod 1670 0x0000025cced88710 code [0x0000025cced888c0, 0x0000025cced88ad8]
Event: 89205.164 Thread 0x0000025cee358000 1671       4       java.lang.String::lastIndexOf (12 bytes)
Event: 89205.166 Thread 0x0000025cee358000 nmethod 1671 0x0000025cd6015e90 code [0x0000025cd6016020, 0x0000025cd6016278]
Event: 89205.167 Thread 0x0000025ced39a000 nmethod 1667 0x0000025cd6016490 code [0x0000025cd6016660, 0x0000025cd6016f08]

GC Heap History (2 events):
Event: 89204.671 GC heap before
{Heap before GC invocations=0 (full 0):
 garbage-first heap   total 524288K, used 24576K [0x0000000100000000, 0x0000000800000000)
  region size 4096K, 6 young (24576K), 0 survivors (0K)
 Metaspace       used 11238K, capacity 11381K, committed 11648K, reserved 1060864K
  class space    used 1028K, capacity 1064K, committed 1152K, reserved 1048576K
}
Event: 89204.675 GC heap after
{Heap after GC invocations=1 (full 0):
 garbage-first heap   total 524288K, used 5091K [0x0000000100000000, 0x0000000800000000)
  region size 4096K, 1 young (4096K), 1 survivors (4096K)
 Metaspace       used 11238K, capacity 11381K, committed 11648K, reserved 1060864K
  class space    used 1028K, capacity 1064K, committed 1152K, reserved 1048576K
}

Deoptimization events (10 events):
Event: 89204.755 Thread 0x0000025cc6020800 Uncommon trap: reason=unstable_if action=reinterpret pc=0x0000025cd5f8bfd4 method=org.eclipse.jdt.launching.internal.org.objectweb.asm.ByteVector.putUTF8(Ljava/lang/String;)Lorg/eclipse/jdt/launching/internal/org/objectweb/asm/ByteVector; @ 93 c2
Event: 89204.839 Thread 0x0000025cc6020800 Uncommon trap: reason=unstable_if action=reinterpret pc=0x0000025cd5f8e8e0 method=org.eclipse.jdt.launching.internal.org.objectweb.asm.ByteVector.putUTF8(Ljava/lang/String;)Lorg/eclipse/jdt/launching/internal/org/objectweb/asm/ByteVector; @ 93 c2
Event: 89204.864 Thread 0x0000025cc6020800 Uncommon trap: reason=unstable_if action=reinterpret pc=0x0000025cd5f4ec34 method=java.util.HashMap.getNode(ILjava/lang/Object;)Ljava/util/HashMap$Node; @ 62 c2
Event: 89204.956 Thread 0x0000025cc6020800 Uncommon trap: reason=unstable_if action=reinterpret pc=0x0000025cd5f47214 method=java.lang.StringCoding.hasNegatives([BII)Z @ 12 c2
Event: 89205.022 Thread 0x0000025cc6020800 Uncommon trap: reason=unstable_if action=reinterpret pc=0x0000025cd5fc2060 method=sun.reflect.generics.parser.SignatureParser.current()C @ 39 c2
Event: 89205.055 Thread 0x0000025cc6020800 Uncommon trap: reason=class_check action=maybe_recompile pc=0x0000025cd5fc30e0 method=java.util.HashMap.putVal(ILjava/lang/Object;Ljava/lang/Object;ZZ)Ljava/lang/Object; @ 253 c2
Event: 89205.055 Thread 0x0000025cc6020800 Uncommon trap: reason=class_check action=maybe_recompile pc=0x0000025cd5fc30e0 method=java.util.HashMap.putVal(ILjava/lang/Object;Ljava/lang/Object;ZZ)Ljava/lang/Object; @ 253 c2
Event: 89205.055 Thread 0x0000025cc6020800 Uncommon trap: reason=class_check action=maybe_recompile pc=0x0000025cd5fc30e0 method=java.util.HashMap.putVal(ILjava/lang/Object;Ljava/lang/Object;ZZ)Ljava/lang/Object; @ 253 c2
Event: 89205.055 Thread 0x0000025cc6020800 Uncommon trap: reason=class_check action=maybe_recompile pc=0x0000025cd5fc30e0 method=java.util.HashMap.putVal(ILjava/lang/Object;Ljava/lang/Object;ZZ)Ljava/lang/Object; @ 253 c2
Event: 89205.110 Thread 0x0000025cc6020800 Uncommon trap: reason=class_check action=maybe_recompile pc=0x0000025cd5fee834 method=java.util.HashMap.putVal(ILjava/lang/Object;Ljava/lang/Object;ZZ)Ljava/lang/Object; @ 203 c2

Classes redefined (2 events):
Event: 8008.038 Thread 0x0000025ceb2ee800 redefined class name=testFolder.testAtCommon, count=1
Event: 8678.550 Thread 0x0000025ceb2ee800 redefined class name=testFolder.testAtCommon, count=2

Internal exceptions (10 events):
Event: 89205.163 Thread 0x0000025cc6020800 Exception <a 'java/security/PrivilegedActionException'{0x000000011d9942f8}> (0x000000011d9942f8) thrown at [t:/workspace/open/src/hotspot/share/prims/jvm.cpp, line 1308]
Event: 89205.163 Thread 0x0000025cc6020800 Exception <a 'java/security/PrivilegedActionException'{0x000000011d994870}> (0x000000011d994870) thrown at [t:/workspace/open/src/hotspot/share/prims/jvm.cpp, line 1308]
Event: 89205.164 Thread 0x0000025cc6020800 Exception <a 'java/security/PrivilegedActionException'{0x000000011d9aaaa0}> (0x000000011d9aaaa0) thrown at [t:/workspace/open/src/hotspot/share/prims/jvm.cpp, line 1308]
Event: 89205.164 Thread 0x0000025cc6020800 Exception <a 'java/security/PrivilegedActionException'{0x000000011d9aad70}> (0x000000011d9aad70) thrown at [t:/workspace/open/src/hotspot/share/prims/jvm.cpp, line 1308]
Event: 89205.164 Thread 0x0000025cc6020800 Exception <a 'java/security/PrivilegedActionException'{0x000000011d9abc38}> (0x000000011d9abc38) thrown at [t:/workspace/open/src/hotspot/share/prims/jvm.cpp, line 1308]
Event: 89205.164 Thread 0x0000025cc6020800 Exception <a 'java/security/PrivilegedActionException'{0x000000011d9abf08}> (0x000000011d9abf08) thrown at [t:/workspace/open/src/hotspot/share/prims/jvm.cpp, line 1308]
Event: 89205.164 Thread 0x0000025cc6020800 Exception <a 'java/security/PrivilegedActionException'{0x000000011d9acf28}> (0x000000011d9acf28) thrown at [t:/workspace/open/src/hotspot/share/prims/jvm.cpp, line 1308]
Event: 89205.164 Thread 0x0000025cc6020800 Exception <a 'java/security/PrivilegedActionException'{0x000000011d9ad1f8}> (0x000000011d9ad1f8) thrown at [t:/workspace/open/src/hotspot/share/prims/jvm.cpp, line 1308]
Event: 89205.168 Thread 0x0000025cc6020800 Exception <a 'java/security/PrivilegedActionException'{0x000000011da2d740}> (0x000000011da2d740) thrown at [t:/workspace/open/src/hotspot/share/prims/jvm.cpp, line 1308]
Event: 89205.168 Thread 0x0000025cc6020800 Exception <a 'java/security/PrivilegedActionException'{0x000000011da2da10}> (0x000000011da2da10) thrown at [t:/workspace/open/src/hotspot/share/prims/jvm.cpp, line 1308]

Events (10 events):
Event: 89205.168 Thread 0x0000025cc6020800 DEOPT PACKING pc=0x0000025ccebaa1e4 sp=0x00000074f4bfd9c0
Event: 89205.168 Thread 0x0000025cc6020800 DEOPT UNPACKING pc=0x0000025cce48d6ce sp=0x00000074f4bfce78 mode 1
Event: 89205.168 loading class ucar/nc2/util/rc/RC
Event: 89205.168 loading class ucar/nc2/util/rc/RC done
Event: 89205.168 Thread 0x0000025cc6020800 DEOPT PACKING pc=0x0000025cd5fd5428 sp=0x00000074f4bfbb50
Event: 89205.168 Thread 0x0000025cc6020800 DEOPT UNPACKING pc=0x0000025cce48d6ce sp=0x00000074f4bfafe0 mode 1
Event: 89205.168 Thread 0x0000025cc6020800 DEOPT PACKING pc=0x0000025cceb90b34 sp=0x00000074f4bfd670
Event: 89205.168 Thread 0x0000025cc6020800 DEOPT UNPACKING pc=0x0000025cce48d6ce sp=0x00000074f4bfcbe0 mode 1
Event: 89205.169 loading class java/io/FileReader
Event: 89205.169 loading class java/io/FileReader done


Dynamic libraries:
0x00007ff7d93b0000 - 0x00007ff7d93f5000 	C:\Program Files\Java\jdk-11\bin\javaw.exe
0x00007ffe4f840000 - 0x00007ffe4fa30000 	C:\Windows\SYSTEM32\ntdll.dll
0x00007ffe4f120000 - 0x00007ffe4f1d2000 	C:\Windows\System32\KERNEL32.DLL
0x00007ffe4d4c0000 - 0x00007ffe4d763000 	C:\Windows\System32\KERNELBASE.dll
0x00007ffe4ebe0000 - 0x00007ffe4ed74000 	C:\Windows\System32\USER32.dll
0x00007ffe4cff0000 - 0x00007ffe4d011000 	C:\Windows\System32\win32u.dll
0x00007ffe4f760000 - 0x00007ffe4f786000 	C:\Windows\System32\GDI32.dll
0x00007ffe4d250000 - 0x00007ffe4d3e4000 	C:\Windows\System32\gdi32full.dll
0x00007ffe4cf50000 - 0x00007ffe4cfee000 	C:\Windows\System32\msvcp_win.dll
0x00007ffe4d770000 - 0x00007ffe4d86a000 	C:\Windows\System32\ucrtbase.dll
0x00007ffe40bd0000 - 0x00007ffe40e55000 	C:\Windows\WinSxS\amd64_microsoft.windows.common-controls_6595b64144ccf1df_6.0.18362.657_none_e6c5b579130e3898\COMCTL32.dll
0x00007ffe4eb40000 - 0x00007ffe4ebde000 	C:\Windows\System32\msvcrt.dll
0x00007ffe4f1e0000 - 0x00007ffe4f516000 	C:\Windows\System32\combase.dll
0x00007ffe4ef90000 - 0x00007ffe4f0b0000 	C:\Windows\System32\RPCRT4.dll
0x00007ffe4d870000 - 0x00007ffe4d8f0000 	C:\Windows\System32\bcryptPrimitives.dll
0x00007ffe4f520000 - 0x00007ffe4f54e000 	C:\Windows\System32\IMM32.DLL
0x00007ffe4c270000 - 0x00007ffe4c367000 	C:\Windows\system32\guard64.dll
0x00007ffe4da00000 - 0x00007ffe4daa3000 	C:\Windows\System32\ADVAPI32.dll
0x00007ffe4d900000 - 0x00007ffe4d997000 	C:\Windows\System32\sechost.dll
0x00007ffe4c170000 - 0x00007ffe4c17a000 	C:\Windows\system32\version.dll
0x00007ffe4f550000 - 0x00007ffe4f6a6000 	C:\Windows\System32\ole32.dll
0x00007ffe4c160000 - 0x00007ffe4c16a000 	C:\Windows\system32\fltlib.dll
0x00007ffe4e150000 - 0x00007ffe4e835000 	C:\Windows\System32\shell32.dll
0x00007ffe4d470000 - 0x00007ffe4d4ba000 	C:\Windows\System32\cfgmgr32.dll
0x00007ffe4ea60000 - 0x00007ffe4eb09000 	C:\Windows\System32\shcore.dll
0x00007ffe4c7d0000 - 0x00007ffe4cf4f000 	C:\Windows\System32\windows.storage.dll
0x00007ffe4c790000 - 0x00007ffe4c7af000 	C:\Windows\System32\profapi.dll
0x00007ffe4c720000 - 0x00007ffe4c76a000 	C:\Windows\System32\powrprof.dll
0x00007ffe4c710000 - 0x00007ffe4c720000 	C:\Windows\System32\UMPDC.dll
0x00007ffe4e840000 - 0x00007ffe4e892000 	C:\Windows\System32\shlwapi.dll
0x00007ffe4c770000 - 0x00007ffe4c781000 	C:\Windows\System32\kernel.appcore.dll
0x00007ffe4d3f0000 - 0x00007ffe4d407000 	C:\Windows\System32\cryptsp.dll
0x00007ffe48f60000 - 0x00007ffe48f76000 	C:\Program Files\Java\jdk-11\bin\vcruntime140.dll
0x00007ffe2dd90000 - 0x00007ffe2de3a000 	C:\Program Files\Java\jdk-11\bin\msvcp140.dll
0x00007ffdd7f80000 - 0x00007ffdd8ac1000 	C:\Program Files\Java\jdk-11\bin\server\jvm.dll
0x00007ffe4e070000 - 0x00007ffe4e078000 	C:\Windows\System32\PSAPI.DLL
0x00007ffe48f80000 - 0x00007ffe48f89000 	C:\Windows\SYSTEM32\WSOCK32.dll
0x00007ffe4f0b0000 - 0x00007ffe4f11f000 	C:\Windows\System32\WS2_32.dll
0x00007ffe49e40000 - 0x00007ffe49e64000 	C:\Windows\SYSTEM32\WINMM.dll
0x00007ffe49750000 - 0x00007ffe4977d000 	C:\Windows\SYSTEM32\WINMMBASE.dll
0x00007ffe46430000 - 0x00007ffe46441000 	C:\Program Files\Java\jdk-11\bin\verify.dll
0x00007ffe385e0000 - 0x00007ffe387d4000 	C:\Windows\SYSTEM32\DBGHELP.DLL
0x00007ffe38560000 - 0x00007ffe3858a000 	C:\Windows\SYSTEM32\dbgcore.DLL
0x00007ffe33c20000 - 0x00007ffe33c48000 	C:\Program Files\Java\jdk-11\bin\java.dll
0x00007ffe2f3b0000 - 0x00007ffe2f3e7000 	C:\Program Files\Java\jdk-11\bin\jdwp.dll
0x00007ffe2f380000 - 0x00007ffe2f3af000 	C:\Program Files\Java\jdk-11\bin\instrument.dll
0x00007ffe33c60000 - 0x00007ffe33c76000 	C:\Program Files\Java\jdk-11\bin\zip.dll
0x00007ffe40340000 - 0x00007ffe4034a000 	C:\Program Files\Java\jdk-11\bin\jimage.dll
0x00007ffe48f10000 - 0x00007ffe48f1a000 	C:\Program Files\Java\jdk-11\bin\dt_socket.dll
0x00007ffe4be60000 - 0x00007ffe4bec7000 	C:\Windows\System32\mswsock.dll
0x00007ffe4bbb0000 - 0x00007ffe4bc7a000 	C:\Windows\SYSTEM32\DNSAPI.dll
0x00007ffe4d8f0000 - 0x00007ffe4d8f8000 	C:\Windows\System32\NSI.dll
0x00007ffe4bb70000 - 0x00007ffe4bbaa000 	C:\Windows\SYSTEM32\IPHLPAPI.DLL
0x00007ffe44860000 - 0x00007ffe448d7000 	C:\Windows\System32\fwpuclnt.dll
0x00007ffe4d220000 - 0x00007ffe4d246000 	C:\Windows\System32\bcrypt.dll
0x00007ffe446f0000 - 0x00007ffe446fa000 	C:\Windows\System32\rasadhlp.dll
0x00007ffe33800000 - 0x00007ffe33819000 	C:\Program Files\Java\jdk-11\bin\net.dll
0x00007ffe43fa0000 - 0x00007ffe44090000 	C:\Windows\SYSTEM32\WINHTTP.dll
0x00007ffe33720000 - 0x00007ffe33733000 	C:\Program Files\Java\jdk-11\bin\nio.dll
0x00007ffe464e0000 - 0x00007ffe464e9000 	C:\Program Files\Java\jdk-11\bin\management.dll
0x00007ffe464b0000 - 0x00007ffe464bc000 	C:\Program Files\Java\jdk-11\bin\management_ext.dll
0x00007ffe317c0000 - 0x00007ffe317d6000 	C:\Windows\system32\napinsp.dll
0x00007ffe31550000 - 0x00007ffe3156a000 	C:\Windows\system32\pnrpnsp.dll
0x00007ffe31540000 - 0x00007ffe3154e000 	C:\Windows\System32\winrnr.dll
0x00007ffe48b90000 - 0x00007ffe48bac000 	C:\Windows\system32\NLAapi.dll
0x00007ffe47f20000 - 0x00007ffe47f35000 	C:\Windows\system32\wshbth.dll

dbghelp: loaded successfully - version: 4.0.5 - missing functions: none
symbol engine: initialized successfully - sym options: 0x614 - pdb path: .;C:\Program Files\Java\jdk-11\bin;C:\Windows\SYSTEM32;C:\Windows\WinSxS\amd64_microsoft.windows.common-controls_6595b64144ccf1df_6.0.18362.657_none_e6c5b579130e3898;C:\Program Files\Java\jdk-11\bin\server

VM Arguments:
jvm_args: -agentlib:jdwp=transport=dt_socket,suspend=y,address=localhost:62248 -Xmx28G -Djava.library.path=K:\JAVA library\gdal\2.4.1-Qgis3.4\bin -javaagent:K:\eclipse\eclipse\configuration\org.eclipse.osgi\412\0\.cp\lib\javaagent-shaded.jar -Dfile.encoding=UTF-8 
java_command: testFolder.testAtCommon -Xmx28G
java_class_path (initial): C:\Users\alter\git\UsuallTool\target\classes;K:\JAVA library\foundUs\thredds-asc.jar;K:\JAVA library\foundUs\Delft_PI.jar;K:\JAVA library\foundUs\Delft_Util.jar;K:\JAVA library\foundUs\jdom-2.0.2.jar;K:\JAVA library\foundUs\log4j-1.2.17.jar;K:\JAVA library\foundUs\log4j-1.2-api-2.11.1p.jar;K:\JAVA library\foundUs\log4j-api-2.11.1.jar;K:\JAVA library\foundUs\log4j-core-2.11.1.jar;K:\JAVA library\foundUs\log4j-slf4j-impl-2.11.1.jar;K:\JAVA library\foundUs\FastInfoset-1.2.6.jar;K:\JAVA library\foundUs\FastInfosetUtilities-1.2.6.jar;K:\JAVA library\gdal\2.4.1-Qgis3.4\bin\gdal\java\gdal.jar;C:\Users\alter\.m2\repository\com\google\code\gson\gson\2.8.5\gson-2.8.5.jar;C:\Users\alter\.m2\repository\org\apache\commons\commons-math3\3.6.1\commons-math3-3.6.1.jar;C:\Users\alter\.m2\repository\net\sourceforge\jdistlib\jdistlib\0.4.5\jdistlib-0.4.5.jar;C:\Users\alter\.m2\repository\com\github\wendykierp\JTransforms\3.1\JTransforms-3.1.jar;C:\Users\alter\.m2\repository\pl\edu\icm\JLargeArrays\1.5\JLargeArrays-1.5.jar;C:\Users\alter\.m2\repository\org\apache\commons\commons-lang3\3.8.1\commons-lang3-3.8.1.jar;C:\Users\alter\.m2\repository\org\dom4j\dom4j\2.1.1\dom4j-2.1.1.jar;C:\Users\alter\.m2\repository\jaxen\jaxen\1.1.6\jaxen-1.1.6.jar;C:\Users\alter\.m2\repository\org\apache\commons\commons-collections4\4.4\commons-collections4-4.4.jar;C:\Users\alter\.m2\repository\org\apache\poi\poi\3.17\poi-3.17.jar;C:\Users\alter\.m2\repository\commons-codec\commons-codec\1.10\commons-codec-1.10.jar;C:\Users\alter\.m2\repository\org\apache\poi\poi-ooxml\3.17\poi-ooxml-3.17.jar;C:\Users\alter\.m2\repository\com\github\virtuald\curvesapi\1.04\curvesapi-1.04.jar;C:\Users\alter\.m2\repository\org\apache\poi\poi-ooxml-schemas\3.17\poi-ooxml-schemas-3.17.jar;C:\Users\alter\.m2\repository\org\apache\xmlbeans\xmlbeans\2.6.0\xmlbeans-2.6.0.jar;C:\Users\alter\.m2\repository\stax\stax-api\1.0.1\stax-api-1.0.1.jar;C:\Users\alter\.m2\repository\org\apache\poi\poi-scratchpad\
Launcher Type: SUN_STANDARD

[Global flags]
     intx CICompilerCount                          = 4                                         {product} {ergonomic}
     uint ConcGCThreads                            = 2                                         {product} {ergonomic}
     uint G1ConcRefinementThreads                  = 8                                         {product} {ergonomic}
   size_t G1HeapRegionSize                         = 4194304                                   {product} {ergonomic}
    uintx GCDrainStackTargetSize                   = 64                                        {product} {ergonomic}
   size_t InitialHeapSize                          = 536870912                                 {product} {ergonomic}
   size_t MarkStackSize                            = 4194304                                   {product} {ergonomic}
   size_t MaxHeapSize                              = 30064771072                               {product} {command line}
   size_t MaxNewSize                               = 18035507200                               {product} {ergonomic}
   size_t MinHeapDeltaBytes                        = 4194304                                   {product} {ergonomic}
    uintx NonNMethodCodeHeapSize                   = 5835340                                {pd product} {ergonomic}
    uintx NonProfiledCodeHeapSize                  = 122911450                              {pd product} {ergonomic}
    uintx ProfiledCodeHeapSize                     = 122911450                              {pd product} {ergonomic}
    uintx ReservedCodeCacheSize                    = 251658240                              {pd product} {ergonomic}
     bool SegmentedCodeCache                       = true                                      {product} {ergonomic}
     bool UseCompressedClassPointers               = true                                 {lp64_product} {ergonomic}
     bool UseCompressedOops                        = true                                 {lp64_product} {ergonomic}
     bool UseG1GC                                  = true                                      {product} {ergonomic}
     bool UseLargePagesIndividualAllocation        = false                                  {pd product} {ergonomic}

Logging:
Log output configuration:
 #0: stdout all=warning uptime,level,tags
 #1: stderr all=off uptime,level,tags

Environment Variables:
JAVA_HOME=C:\Program Files\Java\jdk-11
PATH=C:/Program Files/Java/jdk-11/bin/server;C:/Program Files/Java/jdk-11/bin;C:\Windows\system32;C:\Windows;C:\Windows\System32\Wbem;C:\Windows\System32\WindowsPowerShell\v1.0\;C:\Windows\System32\OpenSSH\;K:\JAVA library\gdal\2.4.1-Qgis3.4\bin;K:\JAVA library\gdal\2.4.1-Qgis3.4\bin\proj\apps;K:\JAVA library\gdal\2.4.1-Qgis3.4\bin\gdal\apps;K:\JAVA library\gdal\2.4.1-Qgis3.4\bin\ms\apps;C:\Program Files\Java\jdk-11\bin;C:\Users\alter\AppData\Local\Microsoft\WindowsApps;;K:\visual studio\Microsoft VS Code\bin;K:\eclipse\eclipse;
USERNAME=alter
LD_LIBRARY_PATH=C:\code\JAVA library\gdal\share\epsg_csv\
OS=Windows_NT
PROCESSOR_IDENTIFIER=Intel64 Family 6 Model 158 Stepping 9, GenuineIntel



---------------  S Y S T E M  ---------------

OS: Windows 10 , 64 bit Build 18362 (10.0.18362.329)

CPU:total 8 (initial active 8) (4 cores per cpu, 2 threads per core) family 6 model 158 stepping 9, cmov, cx8, fxsr, mmx, sse, sse2, sse3, ssse3, sse4.1, sse4.2, popcnt, avx, avx2, aes, clmul, erms, rtm, 3dnowpref, lzcnt, ht, tsc, tscinvbit, bmi1, bmi2, adx, fma

Memory: 4k page, system-wide physical 32689M (22343M free)
TotalPageFile size 37553M (AvailPageFile size 23586M)
current process WorkingSet (physical memory assigned to process): 141M, peak: 144M
current process commit charge ("private bytes"): 678M, peak: 682M

vm_info: OpenJDK 64-Bit Server VM (11+28) for windows-amd64 JRE (11+28), built on Aug 23 2018 03:04:58 by "mach5one" with MS VC++ 15.5 (VS2017)

END.
